<?xml version="1.0" encoding="UTF-8"?>
<testng-results ignored="0" total="2" passed="2" failed="0" skipped="0">
  <reporter-output>
  </reporter-output>
  <suite started-at="2022-12-01T18:08:33 IST" name="Suite" finished-at="2022-12-01T18:08:52 IST" duration-ms="19704">
    <groups>
    </groups>
    <test started-at="2022-12-01T18:08:33 IST" name="Chrome Test" finished-at="2022-12-01T18:08:43 IST" duration-ms="10363">
      <class name="com.tests.SeleniumGrid">
        <test-method is-config="true" signature="setup(java.lang.String)[pri:0, instance:com.tests.SeleniumGrid@2053d869]" started-at="2022-12-01T18:08:33 IST" name="setup" finished-at="2022-12-01T18:08:39 IST" duration-ms="6394" status="PASS">
          <params>
            <param index="0">
              <value>
                <![CDATA[4455]]>
              </value>
            </param>
          </params>
          <reporter-output>
          </reporter-output>
        </test-method> <!-- setup -->
        <test-method signature="test01()[pri:0, instance:com.tests.SeleniumGrid@2053d869]" started-at="2022-12-01T18:08:39 IST" name="test01" finished-at="2022-12-01T18:08:43 IST" duration-ms="3922" status="PASS">
          <reporter-output>
          </reporter-output>
        </test-method> <!-- test01 -->
      </class> <!-- com.tests.SeleniumGrid -->
    </test> <!-- Chrome Test -->
    <test started-at="2022-12-01T18:08:43 IST" name="Firefox Test" finished-at="2022-12-01T18:08:52 IST" duration-ms="9200">
      <class name="com.tests.SeleniumGrid">
        <test-method is-config="true" signature="setup(java.lang.String)[pri:0, instance:com.tests.SeleniumGrid@614ca7df]" started-at="2022-12-01T18:08:43 IST" name="setup" finished-at="2022-12-01T18:08:48 IST" duration-ms="4658" status="PASS">
          <params>
            <param index="0">
              <value>
                <![CDATA[4457]]>
              </value>
            </param>
          </params>
          <reporter-output>
          </reporter-output>
        </test-method> <!-- setup -->
        <test-method signature="test01()[pri:0, instance:com.tests.SeleniumGrid@614ca7df]" started-at="2022-12-01T18:08:48 IST" name="test01" finished-at="2022-12-01T18:08:52 IST" duration-ms="4532" status="PASS">
          <reporter-output>
          </reporter-output>
        </test-method> <!-- test01 -->
      </class> <!-- com.tests.SeleniumGrid -->
    </test> <!-- Firefox Test -->
  </suite> <!-- Suite -->
</testng-results>
