<?xml version="1.0" encoding="UTF-8"?>
<!-- Generated by org.testng.reporters.JUnitXMLReporter -->
<testsuite ignored="2" hostname="DESKTOP-4OER0U3" failures="0" tests="2" name="Test" time="0.045" errors="0" timestamp="2022-11-25T15:26:59 IST">
  <testcase classname="com.jbk.GroupsEx" name="a" time="0.006"/>
  <testcase classname="com.jbk.GroupsEx" name="b" time="0.001"/>
  <testcase classname="com.jbk.GroupsEx" name="d" time="0.0">
    <ignored/>
  </testcase> <!-- d -->
  <testcase classname="com.jbk.GroupsEx" name="c" time="0.0">
    <ignored/>
  </testcase> <!-- c -->
</testsuite> <!-- Test -->
