<?xml version="1.0" encoding="UTF-8"?>
<testng-results ignored="2" total="4" passed="2" failed="0" skipped="0">
  <reporter-output>
  </reporter-output>
  <suite started-at="2022-11-25T15:26:59 IST" name="Suite" finished-at="2022-11-25T15:26:59 IST" duration-ms="45">
    <groups>
      <group name="regression">
        <method signature="GroupsEx.a()[pri:0, instance:com.jbk.GroupsEx@5939a379]" name="a" class="com.jbk.GroupsEx"/>
        <method signature="GroupsEx.b()[pri:0, instance:com.jbk.GroupsEx@5939a379]" name="b" class="com.jbk.GroupsEx"/>
      </group> <!-- regression -->
    </groups>
    <test started-at="2022-11-25T15:26:59 IST" name="Test" finished-at="2022-11-25T15:26:59 IST" duration-ms="45">
      <class name="com.jbk.GroupsEx">
        <test-method signature="a()[pri:0, instance:com.jbk.GroupsEx@5939a379]" started-at="2022-11-25T15:26:59 IST" name="a" finished-at="2022-11-25T15:26:59 IST" duration-ms="6" status="PASS">
          <reporter-output>
          </reporter-output>
        </test-method> <!-- a -->
        <test-method signature="b()[pri:0, instance:com.jbk.GroupsEx@5939a379]" started-at="2022-11-25T15:26:59 IST" name="b" finished-at="2022-11-25T15:26:59 IST" duration-ms="1" status="PASS">
          <reporter-output>
          </reporter-output>
        </test-method> <!-- b -->
      </class> <!-- com.jbk.GroupsEx -->
    </test> <!-- Test -->
  </suite> <!-- Suite -->
</testng-results>
