<?xml version="1.0" encoding="UTF-8"?>
<testng-results skipped="0" failed="0" ignored="0" total="2" passed="2">
  <reporter-output>
  </reporter-output>
  <suite name="Default suite" duration-ms="42" started-at="2022-12-10T17:18:55 IST" finished-at="2022-12-10T17:18:55 IST">
    <groups>
    </groups>
    <test name="Default test" duration-ms="42" started-at="2022-12-10T17:18:55 IST" finished-at="2022-12-10T17:18:55 IST">
      <class name="TestNGEx.DataProviderEx">
        <test-method status="PASS" signature="f(java.lang.Integer,java.lang.String)[pri:0, instance:TestNGEx.DataProviderEx@48503868]" name="f" duration-ms="8" started-at="2022-12-10T17:18:55 IST" data-provider="dp" finished-at="2022-12-10T17:18:55 IST">
          <params>
            <param index="0">
              <value>
                <![CDATA[1]]>
              </value>
            </param>
            <param index="1">
              <value>
                <![CDATA[a]]>
              </value>
            </param>
          </params>
          <reporter-output>
          </reporter-output>
        </test-method> <!-- f -->
        <test-method status="PASS" signature="f(java.lang.Integer,java.lang.String)[pri:0, instance:TestNGEx.DataProviderEx@48503868]" name="f" duration-ms="1" started-at="2022-12-10T17:18:55 IST" data-provider="dp" finished-at="2022-12-10T17:18:55 IST">
          <params>
            <param index="0">
              <value>
                <![CDATA[2]]>
              </value>
            </param>
            <param index="1">
              <value>
                <![CDATA[b]]>
              </value>
            </param>
          </params>
          <reporter-output>
          </reporter-output>
        </test-method> <!-- f -->
      </class> <!-- TestNGEx.DataProviderEx -->
    </test> <!-- Default test -->
  </suite> <!-- Default suite -->
</testng-results>
