<?xml version="1.0" encoding="UTF-8"?>
<!-- Generated by org.testng.reporters.JUnitXMLReporter -->
<testsuite ignored="0" hostname="DESKTOP-4OER0U3" failures="0" tests="4" name="Default test" time="0.056" errors="0" timestamp="2022-11-25T15:09:28 IST">
  <testcase classname="com.jbk.GroupsEx" name="a" time="0.01"/>
  <testcase classname="com.jbk.GroupsEx" name="b" time="0.001"/>
  <testcase classname="com.jbk.GroupsEx" name="c" time="0.001"/>
  <testcase classname="com.jbk.GroupsEx" name="d" time="0.001"/>
</testsuite> <!-- Default test -->
