<?xml version="1.0" encoding="UTF-8"?>
<testsuite xmlns:xsi="http://www.w3.org/2001/XMLSchema-instance" xsi:noNamespaceSchemaLocation="https://maven.apache.org/surefire/maven-surefire-plugin/xsd/surefire-test-report-3.0.xsd" version="3.0" name="TestSuite" time="3.121" tests="4" errors="0" skipped="3" failures="1">
  <properties>
[...]
</properties>
  <testcase name="setup" classname="com.tests.LoginTest" time="2.921">
    <failure message="session not created: This version of ChromeDriver only supports Chrome version 108&#10;Current browser version is 107.0.5304.121 with binary path C:\Program Files (x86)\Google\Chrome\Application\chrome.exe&#10;Build info: version: &apos;3.141.59&apos;, revision: &apos;e82be7d358&apos;, time: &apos;2018-11-14T08:17:03&apos;&#10;System info: host: &apos;DESKTOP-4OER0U3&apos;, ip: &apos;192.168.0.104&apos;, os.name: &apos;Windows 10&apos;, os.arch: &apos;amd64&apos;, os.version: &apos;10.0&apos;, java.version: &apos;1.8.0_144&apos;&#10;Driver info: driver.version: ChromeDriver&#10;remote stacktrace: Backtrace:&#10;	(No symbol) [0x00EBF243]&#10;	(No symbol) [0x00E47FD1]&#10;	(No symbol) [0x00D3D04D]&#10;	(No symbol) [0x00D5F6B4]&#10;	(No symbol) [0x00D5A97C]&#10;	(No symbol) [0x00D582E9]&#10;	(No symbol) [0x00D8F056]&#10;	(No symbol) [0x00D8EB2A]&#10;	(No symbol) [0x00D88386]&#10;	(No symbol) [0x00D6163C]&#10;	(No symbol) [0x00D6269D]&#10;	GetHandleVerifier [0x01159A22+2655074]&#10;	GetHandleVerifier [0x0114CA24+2601828]&#10;	GetHandleVerifier [0x00F68C0A+619850]&#10;	GetHandleVerifier [0x00F67830+614768]&#10;	(No symbol) [0x00E505FC]&#10;	(No symbol) [0x00E55968]&#10;	(No symbol) [0x00E55A55]&#10;	(No symbol) [0x00E6051B]&#10;	BaseThreadInitThunk [0x76E56939+25]&#10;	RtlGetFullPathName_UEx [0x77278FD2+1218]&#10;	RtlGetFullPathName_UEx [0x77278F9D+1165]&#10;" type="org.openqa.selenium.SessionNotCreatedException"><![CDATA[org.openqa.selenium.SessionNotCreatedException: 
session not created: This version of ChromeDriver only supports Chrome version 108
Current browser version is 107.0.5304.121 with binary path C:\Program Files (x86)\Google\Chrome\Application\chrome.exe
Build info: version: '3.141.59', revision: 'e82be7d358', time: '2018-11-14T08:17:03'
System info: host: 'DESKTOP-4OER0U3', ip: '192.168.0.104', os.name: 'Windows 10', os.arch: 'amd64', os.version: '10.0', java.version: '1.8.0_144'
Driver info: driver.version: ChromeDriver
remote stacktrace: Backtrace:
	(No symbol) [0x00EBF243]
	(No symbol) [0x00E47FD1]
	(No symbol) [0x00D3D04D]
	(No symbol) [0x00D5F6B4]
	(No symbol) [0x00D5A97C]
	(No symbol) [0x00D582E9]
	(No symbol) [0x00D8F056]
	(No symbol) [0x00D8EB2A]
	(No symbol) [0x00D88386]
	(No symbol) [0x00D6163C]
	(No symbol) [0x00D6269D]
	GetHandleVerifier [0x01159A22+2655074]
	GetHandleVerifier [0x0114CA24+2601828]
	GetHandleVerifier [0x00F68C0A+619850]
	GetHandleVerifier [0x00F67830+614768]
	(No symbol) [0x00E505FC]
	(No symbol) [0x00E55968]
	(No symbol) [0x00E55A55]
	(No symbol) [0x00E6051B]
	BaseThreadInitThunk [0x76E56939+25]
	RtlGetFullPathName_UEx [0x77278FD2+1218]
	RtlGetFullPathName_UEx [0x77278F9D+1165]

	at com.tests.LoginTest.setup(LoginTest.java:18)
]]></failure>
    <system-out><![CDATA[[TestNGContentHandler] [WARN] It is strongly recommended to add "<!DOCTYPE suite SYSTEM "http://testng.org/testng-1.0.dtd" >" at the top of your file, otherwise TestNG may fail or not work as expected.
reading property file for browser name
12-10-2022 09:27:04 BaseClass.java INFO  [main] base.BaseClass 30 - reading property file for browser name
]]></system-out>
    <system-err><![CDATA[Starting ChromeDriver 108.0.5359.71 (1e0e3868ee06e91ad636a874420e3ca3ae3756ac-refs/branch-heads/5359@{#1016}) on port 16370
Only local connections are allowed.
Please see https://chromedriver.chromium.org/security-considerations for suggestions on keeping ChromeDriver safe.
ChromeDriver was started successfully.
]]></system-err>
  </testcase>
  <testcase name="test01" classname="com.tests.LoginTest" time="0">
    <skipped message="session not created: This version of ChromeDriver only supports Chrome version 108&#10;Current browser version is 107.0.5304.121 with binary path C:\Program Files (x86)\Google\Chrome\Application\chrome.exe&#10;Build info: version: &apos;3.141.59&apos;, revision: &apos;e82be7d358&apos;, time: &apos;2018-11-14T08:17:03&apos;&#10;System info: host: &apos;DESKTOP-4OER0U3&apos;, ip: &apos;192.168.0.104&apos;, os.name: &apos;Windows 10&apos;, os.arch: &apos;amd64&apos;, os.version: &apos;10.0&apos;, java.version: &apos;1.8.0_144&apos;&#10;Driver info: driver.version: ChromeDriver&#10;remote stacktrace: Backtrace:&#10;	(No symbol) [0x00EBF243]&#10;	(No symbol) [0x00E47FD1]&#10;	(No symbol) [0x00D3D04D]&#10;	(No symbol) [0x00D5F6B4]&#10;	(No symbol) [0x00D5A97C]&#10;	(No symbol) [0x00D582E9]&#10;	(No symbol) [0x00D8F056]&#10;	(No symbol) [0x00D8EB2A]&#10;	(No symbol) [0x00D88386]&#10;	(No symbol) [0x00D6163C]&#10;	(No symbol) [0x00D6269D]&#10;	GetHandleVerifier [0x01159A22+2655074]&#10;	GetHandleVerifier [0x0114CA24+2601828]&#10;	GetHandleVerifier [0x00F68C0A+619850]&#10;	GetHandleVerifier [0x00F67830+614768]&#10;	(No symbol) [0x00E505FC]&#10;	(No symbol) [0x00E55968]&#10;	(No symbol) [0x00E55A55]&#10;	(No symbol) [0x00E6051B]&#10;	BaseThreadInitThunk [0x76E56939+25]&#10;	RtlGetFullPathName_UEx [0x77278FD2+1218]&#10;	RtlGetFullPathName_UEx [0x77278F9D+1165]&#10;"/>
  </testcase>
  <testcase name="test02" classname="com.tests.LoginTest" time="0">
    <skipped message="session not created: This version of ChromeDriver only supports Chrome version 108&#10;Current browser version is 107.0.5304.121 with binary path C:\Program Files (x86)\Google\Chrome\Application\chrome.exe&#10;Build info: version: &apos;3.141.59&apos;, revision: &apos;e82be7d358&apos;, time: &apos;2018-11-14T08:17:03&apos;&#10;System info: host: &apos;DESKTOP-4OER0U3&apos;, ip: &apos;192.168.0.104&apos;, os.name: &apos;Windows 10&apos;, os.arch: &apos;amd64&apos;, os.version: &apos;10.0&apos;, java.version: &apos;1.8.0_144&apos;&#10;Driver info: driver.version: ChromeDriver&#10;remote stacktrace: Backtrace:&#10;	(No symbol) [0x00EBF243]&#10;	(No symbol) [0x00E47FD1]&#10;	(No symbol) [0x00D3D04D]&#10;	(No symbol) [0x00D5F6B4]&#10;	(No symbol) [0x00D5A97C]&#10;	(No symbol) [0x00D582E9]&#10;	(No symbol) [0x00D8F056]&#10;	(No symbol) [0x00D8EB2A]&#10;	(No symbol) [0x00D88386]&#10;	(No symbol) [0x00D6163C]&#10;	(No symbol) [0x00D6269D]&#10;	GetHandleVerifier [0x01159A22+2655074]&#10;	GetHandleVerifier [0x0114CA24+2601828]&#10;	GetHandleVerifier [0x00F68C0A+619850]&#10;	GetHandleVerifier [0x00F67830+614768]&#10;	(No symbol) [0x00E505FC]&#10;	(No symbol) [0x00E55968]&#10;	(No symbol) [0x00E55A55]&#10;	(No symbol) [0x00E6051B]&#10;	BaseThreadInitThunk [0x76E56939+25]&#10;	RtlGetFullPathName_UEx [0x77278FD2+1218]&#10;	RtlGetFullPathName_UEx [0x77278F9D+1165]&#10;"/>
  </testcase>
  <testcase name="test03" classname="com.tests.LoginTest" time="0">
    <skipped message="session not created: This version of ChromeDriver only supports Chrome version 108&#10;Current browser version is 107.0.5304.121 with binary path C:\Program Files (x86)\Google\Chrome\Application\chrome.exe&#10;Build info: version: &apos;3.141.59&apos;, revision: &apos;e82be7d358&apos;, time: &apos;2018-11-14T08:17:03&apos;&#10;System info: host: &apos;DESKTOP-4OER0U3&apos;, ip: &apos;192.168.0.104&apos;, os.name: &apos;Windows 10&apos;, os.arch: &apos;amd64&apos;, os.version: &apos;10.0&apos;, java.version: &apos;1.8.0_144&apos;&#10;Driver info: driver.version: ChromeDriver&#10;remote stacktrace: Backtrace:&#10;	(No symbol) [0x00EBF243]&#10;	(No symbol) [0x00E47FD1]&#10;	(No symbol) [0x00D3D04D]&#10;	(No symbol) [0x00D5F6B4]&#10;	(No symbol) [0x00D5A97C]&#10;	(No symbol) [0x00D582E9]&#10;	(No symbol) [0x00D8F056]&#10;	(No symbol) [0x00D8EB2A]&#10;	(No symbol) [0x00D88386]&#10;	(No symbol) [0x00D6163C]&#10;	(No symbol) [0x00D6269D]&#10;	GetHandleVerifier [0x01159A22+2655074]&#10;	GetHandleVerifier [0x0114CA24+2601828]&#10;	GetHandleVerifier [0x00F68C0A+619850]&#10;	GetHandleVerifier [0x00F67830+614768]&#10;	(No symbol) [0x00E505FC]&#10;	(No symbol) [0x00E55968]&#10;	(No symbol) [0x00E55A55]&#10;	(No symbol) [0x00E6051B]&#10;	BaseThreadInitThunk [0x76E56939+25]&#10;	RtlGetFullPathName_UEx [0x77278FD2+1218]&#10;	RtlGetFullPathName_UEx [0x77278F9D+1165]&#10;"/>
  </testcase>
</testsuite>